<?xml version="1.0" encoding="UTF-8" ?>
<testsuites disabled="0" errors="0" failures="0" tests="3" time="3.801">
 <testsuite name="angularjs homepage" timestamp="2023-01-13T12:12:46" hostname="localhost" time="2.368" errors="0" tests="1" skipped="0" disabled="0" failures="0">
  <testcase classname="angularjs homepage" name="should greet the named user" time="0.929" />
 </testsuite>
 <testsuite name="angularjs homepage.todo list" timestamp="2023-01-13T12:12:47" hostname="localhost" time="1.433" errors="0" tests="2" skipped="0" disabled="0" failures="0">
  <testcase classname="angularjs homepage.todo list" name="should list todos" time="0.849" />
  <testcase classname="angularjs homepage.todo list" name="should add a todo" time="0.583" />
 </testsuite>
</testsuites>